[2025-03-27T07:32:20.505+0000] {taskinstance.py:1165} INFO - Dependencies all met for <TaskInstance: data_ingestion_gcs_dag.download_dataset_task manual__2025-03-27T07:32:17.046240+00:00 [queued]>
[2025-03-27T07:32:20.519+0000] {taskinstance.py:1165} INFO - Dependencies all met for <TaskInstance: data_ingestion_gcs_dag.download_dataset_task manual__2025-03-27T07:32:17.046240+00:00 [queued]>
[2025-03-27T07:32:20.520+0000] {taskinstance.py:1362} INFO - 
--------------------------------------------------------------------------------
[2025-03-27T07:32:20.521+0000] {taskinstance.py:1363} INFO - Starting attempt 1 of 2
[2025-03-27T07:32:20.522+0000] {taskinstance.py:1364} INFO - 
--------------------------------------------------------------------------------
[2025-03-27T07:32:20.541+0000] {taskinstance.py:1383} INFO - Executing <Task(BashOperator): download_dataset_task> on 2025-03-27 07:32:17.046240+00:00
[2025-03-27T07:32:20.556+0000] {standard_task_runner.py:54} INFO - Started process 2303 to run task
[2025-03-27T07:32:20.562+0000] {standard_task_runner.py:82} INFO - Running: ['***', 'tasks', 'run', 'data_ingestion_gcs_dag', 'download_dataset_task', 'manual__2025-03-27T07:32:17.046240+00:00', '--job-id', '35', '--raw', '--subdir', 'DAGS_FOLDER/data_ingestion_gcs_dag.py', '--cfg-path', '/tmp/tmpst03yhvu']
[2025-03-27T07:32:20.566+0000] {standard_task_runner.py:83} INFO - Job 35: Subtask download_dataset_task
[2025-03-27T07:32:20.568+0000] {dagbag.py:525} INFO - Filling up the DagBag from /opt/***/dags/data_ingestion_gcs_dag.py
[2025-03-27T07:32:20.756+0000] {task_command.py:384} INFO - Running <TaskInstance: data_ingestion_gcs_dag.download_dataset_task manual__2025-03-27T07:32:17.046240+00:00 [running]> on host af13dacd80a6
[2025-03-27T07:32:20.923+0000] {taskinstance.py:1590} INFO - Exporting the following env vars:
AIRFLOW_CTX_DAG_OWNER=***
AIRFLOW_CTX_DAG_ID=data_ingestion_gcs_dag
AIRFLOW_CTX_TASK_ID=download_dataset_task
AIRFLOW_CTX_EXECUTION_DATE=2025-03-27T07:32:17.046240+00:00
AIRFLOW_CTX_TRY_NUMBER=1
AIRFLOW_CTX_DAG_RUN_ID=manual__2025-03-27T07:32:17.046240+00:00
[2025-03-27T07:32:20.925+0000] {subprocess.py:63} INFO - Tmp dir root location: 
 /tmp
[2025-03-27T07:32:20.928+0000] {subprocess.py:75} INFO - Running command: ['/bin/bash', '-c', 'curl -sSL https://raw.githubusercontent.com/tategallery/collection/refs/heads/master/artwork_data.csv > /opt/***/artwork_data.csv && curl -sSL https://raw.githubusercontent.com/tategallery/collection/refs/heads/master/artist_data.csv > /opt/***/artist_data.csv ']
[2025-03-27T07:32:20.953+0000] {subprocess.py:86} INFO - Output:
[2025-03-27T07:32:22.986+0000] {subprocess.py:97} INFO - Command exited with return code 0
[2025-03-27T07:32:23.061+0000] {taskinstance.py:1401} INFO - Marking task as SUCCESS. dag_id=data_ingestion_gcs_dag, task_id=download_dataset_task, execution_date=20250327T073217, start_date=20250327T073220, end_date=20250327T073223
[2025-03-27T07:32:23.147+0000] {local_task_job.py:164} INFO - Task exited with return code 0
[2025-03-27T07:32:23.232+0000] {local_task_job.py:273} INFO - 1 downstream tasks scheduled from follow-on schedule check
