[2025-03-27T07:32:30.892+0000] {taskinstance.py:1165} INFO - Dependencies all met for <TaskInstance: data_ingestion_gcs_dag.local_to_gcs_task1 manual__2025-03-27T07:32:17.046240+00:00 [queued]>
[2025-03-27T07:32:30.907+0000] {taskinstance.py:1165} INFO - Dependencies all met for <TaskInstance: data_ingestion_gcs_dag.local_to_gcs_task1 manual__2025-03-27T07:32:17.046240+00:00 [queued]>
[2025-03-27T07:32:30.908+0000] {taskinstance.py:1362} INFO - 
--------------------------------------------------------------------------------
[2025-03-27T07:32:30.909+0000] {taskinstance.py:1363} INFO - Starting attempt 1 of 2
[2025-03-27T07:32:30.910+0000] {taskinstance.py:1364} INFO - 
--------------------------------------------------------------------------------
[2025-03-27T07:32:30.929+0000] {taskinstance.py:1383} INFO - Executing <Task(PythonOperator): local_to_gcs_task1> on 2025-03-27 07:32:17.046240+00:00
[2025-03-27T07:32:30.948+0000] {standard_task_runner.py:54} INFO - Started process 2324 to run task
[2025-03-27T07:32:30.952+0000] {standard_task_runner.py:82} INFO - Running: ['***', 'tasks', 'run', 'data_ingestion_gcs_dag', 'local_to_gcs_task1', 'manual__2025-03-27T07:32:17.046240+00:00', '--job-id', '38', '--raw', '--subdir', 'DAGS_FOLDER/data_ingestion_gcs_dag.py', '--cfg-path', '/tmp/tmpyeih81mz']
[2025-03-27T07:32:30.955+0000] {standard_task_runner.py:83} INFO - Job 38: Subtask local_to_gcs_task1
[2025-03-27T07:32:30.956+0000] {dagbag.py:525} INFO - Filling up the DagBag from /opt/***/dags/data_ingestion_gcs_dag.py
[2025-03-27T07:32:31.094+0000] {task_command.py:384} INFO - Running <TaskInstance: data_ingestion_gcs_dag.local_to_gcs_task1 manual__2025-03-27T07:32:17.046240+00:00 [running]> on host af13dacd80a6
[2025-03-27T07:32:31.185+0000] {taskinstance.py:1590} INFO - Exporting the following env vars:
AIRFLOW_CTX_DAG_OWNER=***
AIRFLOW_CTX_DAG_ID=data_ingestion_gcs_dag
AIRFLOW_CTX_TASK_ID=local_to_gcs_task1
AIRFLOW_CTX_EXECUTION_DATE=2025-03-27T07:32:17.046240+00:00
AIRFLOW_CTX_TRY_NUMBER=1
AIRFLOW_CTX_DAG_RUN_ID=manual__2025-03-27T07:32:17.046240+00:00
[2025-03-27T07:32:31.750+0000] {python.py:177} INFO - Done. Returned value was: None
[2025-03-27T07:32:31.766+0000] {taskinstance.py:1401} INFO - Marking task as SUCCESS. dag_id=data_ingestion_gcs_dag, task_id=local_to_gcs_task1, execution_date=20250327T073217, start_date=20250327T073230, end_date=20250327T073231
[2025-03-27T07:32:31.848+0000] {local_task_job.py:164} INFO - Task exited with return code 0
[2025-03-27T07:32:31.888+0000] {local_task_job.py:273} INFO - 1 downstream tasks scheduled from follow-on schedule check
