[2025-03-27T07:20:24.414+0000] {taskinstance.py:1165} INFO - Dependencies all met for <TaskInstance: data_ingestion_gcs_dag.download_dataset_task manual__2025-03-27T07:20:20.704543+00:00 [queued]>
[2025-03-27T07:20:24.433+0000] {taskinstance.py:1165} INFO - Dependencies all met for <TaskInstance: data_ingestion_gcs_dag.download_dataset_task manual__2025-03-27T07:20:20.704543+00:00 [queued]>
[2025-03-27T07:20:24.433+0000] {taskinstance.py:1362} INFO - 
--------------------------------------------------------------------------------
[2025-03-27T07:20:24.435+0000] {taskinstance.py:1363} INFO - Starting attempt 1 of 2
[2025-03-27T07:20:24.436+0000] {taskinstance.py:1364} INFO - 
--------------------------------------------------------------------------------
[2025-03-27T07:20:24.458+0000] {taskinstance.py:1383} INFO - Executing <Task(BashOperator): download_dataset_task> on 2025-03-27 07:20:20.704543+00:00
[2025-03-27T07:20:24.471+0000] {standard_task_runner.py:54} INFO - Started process 1867 to run task
[2025-03-27T07:20:24.477+0000] {standard_task_runner.py:82} INFO - Running: ['***', 'tasks', 'run', 'data_ingestion_gcs_dag', 'download_dataset_task', 'manual__2025-03-27T07:20:20.704543+00:00', '--job-id', '29', '--raw', '--subdir', 'DAGS_FOLDER/data_ingestion_gcs_dag.py', '--cfg-path', '/tmp/tmpwo0vdiuo']
[2025-03-27T07:20:24.481+0000] {standard_task_runner.py:83} INFO - Job 29: Subtask download_dataset_task
[2025-03-27T07:20:24.483+0000] {dagbag.py:525} INFO - Filling up the DagBag from /opt/***/dags/data_ingestion_gcs_dag.py
[2025-03-27T07:20:24.635+0000] {task_command.py:384} INFO - Running <TaskInstance: data_ingestion_gcs_dag.download_dataset_task manual__2025-03-27T07:20:20.704543+00:00 [running]> on host af13dacd80a6
[2025-03-27T07:20:24.760+0000] {taskinstance.py:1590} INFO - Exporting the following env vars:
AIRFLOW_CTX_DAG_OWNER=***
AIRFLOW_CTX_DAG_ID=data_ingestion_gcs_dag
AIRFLOW_CTX_TASK_ID=download_dataset_task
AIRFLOW_CTX_EXECUTION_DATE=2025-03-27T07:20:20.704543+00:00
AIRFLOW_CTX_TRY_NUMBER=1
AIRFLOW_CTX_DAG_RUN_ID=manual__2025-03-27T07:20:20.704543+00:00
[2025-03-27T07:20:24.765+0000] {subprocess.py:63} INFO - Tmp dir root location: 
 /tmp
[2025-03-27T07:20:24.768+0000] {subprocess.py:75} INFO - Running command: ['/bin/bash', '-c', 'curl -sSL https://raw.githubusercontent.com/tategallery/collection/refs/heads/master/artwork_data.csv > /opt/***/artwork_data.csv && curl -sSL https://raw.githubusercontent.com/tategallery/collection/refs/heads/master/artist_data.csv > /opt/***/artist_data.csv ']
[2025-03-27T07:20:24.800+0000] {subprocess.py:86} INFO - Output:
[2025-03-27T07:20:26.224+0000] {subprocess.py:97} INFO - Command exited with return code 0
[2025-03-27T07:20:26.274+0000] {taskinstance.py:1401} INFO - Marking task as SUCCESS. dag_id=data_ingestion_gcs_dag, task_id=download_dataset_task, execution_date=20250327T072020, start_date=20250327T072024, end_date=20250327T072026
[2025-03-27T07:20:26.338+0000] {local_task_job.py:164} INFO - Task exited with return code 0
[2025-03-27T07:20:26.391+0000] {local_task_job.py:273} INFO - 1 downstream tasks scheduled from follow-on schedule check
