[2025-03-27T07:08:16.554+0000] {taskinstance.py:1165} INFO - Dependencies all met for <TaskInstance: data_ingestion_gcs_dag.download_dataset_task manual__2025-03-27T07:08:13.264811+00:00 [queued]>
[2025-03-27T07:08:16.570+0000] {taskinstance.py:1165} INFO - Dependencies all met for <TaskInstance: data_ingestion_gcs_dag.download_dataset_task manual__2025-03-27T07:08:13.264811+00:00 [queued]>
[2025-03-27T07:08:16.571+0000] {taskinstance.py:1362} INFO - 
--------------------------------------------------------------------------------
[2025-03-27T07:08:16.572+0000] {taskinstance.py:1363} INFO - Starting attempt 1 of 2
[2025-03-27T07:08:16.573+0000] {taskinstance.py:1364} INFO - 
--------------------------------------------------------------------------------
[2025-03-27T07:08:16.594+0000] {taskinstance.py:1383} INFO - Executing <Task(BashOperator): download_dataset_task> on 2025-03-27 07:08:13.264811+00:00
[2025-03-27T07:08:16.609+0000] {standard_task_runner.py:54} INFO - Started process 1421 to run task
[2025-03-27T07:08:16.615+0000] {standard_task_runner.py:82} INFO - Running: ['***', 'tasks', 'run', 'data_ingestion_gcs_dag', 'download_dataset_task', 'manual__2025-03-27T07:08:13.264811+00:00', '--job-id', '21', '--raw', '--subdir', 'DAGS_FOLDER/data_ingestion_gcs_dag.py', '--cfg-path', '/tmp/tmpv3m03u90']
[2025-03-27T07:08:16.619+0000] {standard_task_runner.py:83} INFO - Job 21: Subtask download_dataset_task
[2025-03-27T07:08:16.621+0000] {dagbag.py:525} INFO - Filling up the DagBag from /opt/***/dags/data_ingestion_gcs_dag.py
[2025-03-27T07:08:16.825+0000] {task_command.py:384} INFO - Running <TaskInstance: data_ingestion_gcs_dag.download_dataset_task manual__2025-03-27T07:08:13.264811+00:00 [running]> on host af13dacd80a6
[2025-03-27T07:08:16.928+0000] {taskinstance.py:1590} INFO - Exporting the following env vars:
AIRFLOW_CTX_DAG_OWNER=***
AIRFLOW_CTX_DAG_ID=data_ingestion_gcs_dag
AIRFLOW_CTX_TASK_ID=download_dataset_task
AIRFLOW_CTX_EXECUTION_DATE=2025-03-27T07:08:13.264811+00:00
AIRFLOW_CTX_TRY_NUMBER=1
AIRFLOW_CTX_DAG_RUN_ID=manual__2025-03-27T07:08:13.264811+00:00
[2025-03-27T07:08:16.931+0000] {subprocess.py:63} INFO - Tmp dir root location: 
 /tmp
[2025-03-27T07:08:16.933+0000] {subprocess.py:75} INFO - Running command: ['/bin/bash', '-c', 'curl -sSL https://raw.githubusercontent.com/tategallery/collection/refs/heads/master/artwork_data.csv > /opt/***/artwork_data.csv && curl -sSL https://raw.githubusercontent.com/tategallery/collection/refs/heads/master/artist_data.csv > /opt/***/artist_data.csv ']
[2025-03-27T07:08:16.959+0000] {subprocess.py:86} INFO - Output:
[2025-03-27T07:08:18.451+0000] {subprocess.py:97} INFO - Command exited with return code 0
[2025-03-27T07:08:18.494+0000] {taskinstance.py:1401} INFO - Marking task as SUCCESS. dag_id=data_ingestion_gcs_dag, task_id=download_dataset_task, execution_date=20250327T070813, start_date=20250327T070816, end_date=20250327T070818
[2025-03-27T07:08:18.556+0000] {local_task_job.py:164} INFO - Task exited with return code 0
[2025-03-27T07:08:18.606+0000] {local_task_job.py:273} INFO - 2 downstream tasks scheduled from follow-on schedule check
