[2025-03-27T07:20:34.659+0000] {taskinstance.py:1165} INFO - Dependencies all met for <TaskInstance: data_ingestion_gcs_dag.local_to_gcs_task1 manual__2025-03-27T07:20:20.704543+00:00 [queued]>
[2025-03-27T07:20:34.676+0000] {taskinstance.py:1165} INFO - Dependencies all met for <TaskInstance: data_ingestion_gcs_dag.local_to_gcs_task1 manual__2025-03-27T07:20:20.704543+00:00 [queued]>
[2025-03-27T07:20:34.677+0000] {taskinstance.py:1362} INFO - 
--------------------------------------------------------------------------------
[2025-03-27T07:20:34.678+0000] {taskinstance.py:1363} INFO - Starting attempt 1 of 2
[2025-03-27T07:20:34.678+0000] {taskinstance.py:1364} INFO - 
--------------------------------------------------------------------------------
[2025-03-27T07:20:34.700+0000] {taskinstance.py:1383} INFO - Executing <Task(PythonOperator): local_to_gcs_task1> on 2025-03-27 07:20:20.704543+00:00
[2025-03-27T07:20:34.716+0000] {standard_task_runner.py:54} INFO - Started process 1888 to run task
[2025-03-27T07:20:34.720+0000] {standard_task_runner.py:82} INFO - Running: ['***', 'tasks', 'run', 'data_ingestion_gcs_dag', 'local_to_gcs_task1', 'manual__2025-03-27T07:20:20.704543+00:00', '--job-id', '32', '--raw', '--subdir', 'DAGS_FOLDER/data_ingestion_gcs_dag.py', '--cfg-path', '/tmp/tmppvcdyh8w']
[2025-03-27T07:20:34.726+0000] {standard_task_runner.py:83} INFO - Job 32: Subtask local_to_gcs_task1
[2025-03-27T07:20:34.728+0000] {dagbag.py:525} INFO - Filling up the DagBag from /opt/***/dags/data_ingestion_gcs_dag.py
[2025-03-27T07:20:34.950+0000] {task_command.py:384} INFO - Running <TaskInstance: data_ingestion_gcs_dag.local_to_gcs_task1 manual__2025-03-27T07:20:20.704543+00:00 [running]> on host af13dacd80a6
[2025-03-27T07:20:35.107+0000] {taskinstance.py:1590} INFO - Exporting the following env vars:
AIRFLOW_CTX_DAG_OWNER=***
AIRFLOW_CTX_DAG_ID=data_ingestion_gcs_dag
AIRFLOW_CTX_TASK_ID=local_to_gcs_task1
AIRFLOW_CTX_EXECUTION_DATE=2025-03-27T07:20:20.704543+00:00
AIRFLOW_CTX_TRY_NUMBER=1
AIRFLOW_CTX_DAG_RUN_ID=manual__2025-03-27T07:20:20.704543+00:00
[2025-03-27T07:20:35.743+0000] {python.py:177} INFO - Done. Returned value was: None
[2025-03-27T07:20:35.784+0000] {taskinstance.py:1401} INFO - Marking task as SUCCESS. dag_id=data_ingestion_gcs_dag, task_id=local_to_gcs_task1, execution_date=20250327T072020, start_date=20250327T072034, end_date=20250327T072035
[2025-03-27T07:20:35.859+0000] {local_task_job.py:164} INFO - Task exited with return code 0
[2025-03-27T07:20:35.901+0000] {local_task_job.py:273} INFO - 1 downstream tasks scheduled from follow-on schedule check
