[2025-03-27T07:20:29.509+0000] {taskinstance.py:1165} INFO - Dependencies all met for <TaskInstance: data_ingestion_gcs_dag.create_empty_dataset_task manual__2025-03-27T07:20:20.704543+00:00 [queued]>
[2025-03-27T07:20:29.525+0000] {taskinstance.py:1165} INFO - Dependencies all met for <TaskInstance: data_ingestion_gcs_dag.create_empty_dataset_task manual__2025-03-27T07:20:20.704543+00:00 [queued]>
[2025-03-27T07:20:29.526+0000] {taskinstance.py:1362} INFO - 
--------------------------------------------------------------------------------
[2025-03-27T07:20:29.528+0000] {taskinstance.py:1363} INFO - Starting attempt 1 of 2
[2025-03-27T07:20:29.528+0000] {taskinstance.py:1364} INFO - 
--------------------------------------------------------------------------------
[2025-03-27T07:20:29.550+0000] {taskinstance.py:1383} INFO - Executing <Task(BigQueryCreateEmptyDatasetOperator): create_empty_dataset_task> on 2025-03-27 07:20:20.704543+00:00
[2025-03-27T07:20:29.564+0000] {standard_task_runner.py:54} INFO - Started process 1875 to run task
[2025-03-27T07:20:29.571+0000] {standard_task_runner.py:82} INFO - Running: ['***', 'tasks', 'run', 'data_ingestion_gcs_dag', 'create_empty_dataset_task', 'manual__2025-03-27T07:20:20.704543+00:00', '--job-id', '30', '--raw', '--subdir', 'DAGS_FOLDER/data_ingestion_gcs_dag.py', '--cfg-path', '/tmp/tmpg1zpdp3n']
[2025-03-27T07:20:29.575+0000] {standard_task_runner.py:83} INFO - Job 30: Subtask create_empty_dataset_task
[2025-03-27T07:20:29.577+0000] {dagbag.py:525} INFO - Filling up the DagBag from /opt/***/dags/data_ingestion_gcs_dag.py
[2025-03-27T07:20:29.774+0000] {task_command.py:384} INFO - Running <TaskInstance: data_ingestion_gcs_dag.create_empty_dataset_task manual__2025-03-27T07:20:20.704543+00:00 [running]> on host af13dacd80a6
[2025-03-27T07:20:29.883+0000] {taskinstance.py:1590} INFO - Exporting the following env vars:
AIRFLOW_CTX_DAG_OWNER=***
AIRFLOW_CTX_DAG_ID=data_ingestion_gcs_dag
AIRFLOW_CTX_TASK_ID=create_empty_dataset_task
AIRFLOW_CTX_EXECUTION_DATE=2025-03-27T07:20:20.704543+00:00
AIRFLOW_CTX_TRY_NUMBER=1
AIRFLOW_CTX_DAG_RUN_ID=manual__2025-03-27T07:20:20.704543+00:00
[2025-03-27T07:20:29.886+0000] {crypto.py:84} WARNING - empty cryptography key - values will not be stored encrypted.
[2025-03-27T07:20:29.889+0000] {base.py:71} INFO - Using connection ID 'google_cloud_default' for task execution.
[2025-03-27T07:20:29.890+0000] {bigquery.py:445} INFO - datasetId was not specified in `dataset_reference`. Will use default value tate_data_all.
[2025-03-27T07:20:29.891+0000] {bigquery.py:445} INFO - projectId was not specified in `dataset_reference`. Will use default value de-zoom-camp-449005.
[2025-03-27T07:20:29.892+0000] {bigquery.py:455} INFO - Creating dataset: tate_data_all in project: de-zoom-camp-449005 
[2025-03-27T07:20:30.767+0000] {bigquery.py:459} INFO - Dataset created successfully.
[2025-03-27T07:20:30.821+0000] {taskinstance.py:1401} INFO - Marking task as SUCCESS. dag_id=data_ingestion_gcs_dag, task_id=create_empty_dataset_task, execution_date=20250327T072020, start_date=20250327T072029, end_date=20250327T072030
[2025-03-27T07:20:30.867+0000] {local_task_job.py:164} INFO - Task exited with return code 0
[2025-03-27T07:20:30.921+0000] {local_task_job.py:273} INFO - 2 downstream tasks scheduled from follow-on schedule check
