[2025-03-27T07:05:31.423+0000] {taskinstance.py:1165} INFO - Dependencies all met for <TaskInstance: data_ingestion_gcs_dag.local_to_gcs_task1 manual__2025-03-27T07:05:23.217341+00:00 [queued]>
[2025-03-27T07:05:31.438+0000] {taskinstance.py:1165} INFO - Dependencies all met for <TaskInstance: data_ingestion_gcs_dag.local_to_gcs_task1 manual__2025-03-27T07:05:23.217341+00:00 [queued]>
[2025-03-27T07:05:31.439+0000] {taskinstance.py:1362} INFO - 
--------------------------------------------------------------------------------
[2025-03-27T07:05:31.440+0000] {taskinstance.py:1363} INFO - Starting attempt 1 of 2
[2025-03-27T07:05:31.441+0000] {taskinstance.py:1364} INFO - 
--------------------------------------------------------------------------------
[2025-03-27T07:05:31.460+0000] {taskinstance.py:1383} INFO - Executing <Task(PythonOperator): local_to_gcs_task1> on 2025-03-27 07:05:23.217341+00:00
[2025-03-27T07:05:31.475+0000] {standard_task_runner.py:54} INFO - Started process 1312 to run task
[2025-03-27T07:05:31.482+0000] {standard_task_runner.py:82} INFO - Running: ['***', 'tasks', 'run', 'data_ingestion_gcs_dag', 'local_to_gcs_task1', 'manual__2025-03-27T07:05:23.217341+00:00', '--job-id', '17', '--raw', '--subdir', 'DAGS_FOLDER/data_ingestion_gcs_dag.py', '--cfg-path', '/tmp/tmpua10x336']
[2025-03-27T07:05:31.493+0000] {standard_task_runner.py:83} INFO - Job 17: Subtask local_to_gcs_task1
[2025-03-27T07:05:31.499+0000] {dagbag.py:525} INFO - Filling up the DagBag from /opt/***/dags/data_ingestion_gcs_dag.py
[2025-03-27T07:05:31.729+0000] {task_command.py:384} INFO - Running <TaskInstance: data_ingestion_gcs_dag.local_to_gcs_task1 manual__2025-03-27T07:05:23.217341+00:00 [running]> on host af13dacd80a6
[2025-03-27T07:05:31.864+0000] {taskinstance.py:1590} INFO - Exporting the following env vars:
AIRFLOW_CTX_DAG_OWNER=***
AIRFLOW_CTX_DAG_ID=data_ingestion_gcs_dag
AIRFLOW_CTX_TASK_ID=local_to_gcs_task1
AIRFLOW_CTX_EXECUTION_DATE=2025-03-27T07:05:23.217341+00:00
AIRFLOW_CTX_TRY_NUMBER=1
AIRFLOW_CTX_DAG_RUN_ID=manual__2025-03-27T07:05:23.217341+00:00
[2025-03-27T07:05:32.470+0000] {python.py:177} INFO - Done. Returned value was: None
[2025-03-27T07:05:32.487+0000] {taskinstance.py:1401} INFO - Marking task as SUCCESS. dag_id=data_ingestion_gcs_dag, task_id=local_to_gcs_task1, execution_date=20250327T070523, start_date=20250327T070531, end_date=20250327T070532
[2025-03-27T07:05:32.539+0000] {local_task_job.py:164} INFO - Task exited with return code 0
[2025-03-27T07:05:32.587+0000] {local_task_job.py:273} INFO - 1 downstream tasks scheduled from follow-on schedule check
