[2025-03-27T07:20:34.628+0000] {taskinstance.py:1165} INFO - Dependencies all met for <TaskInstance: data_ingestion_gcs_dag.local_to_gcs_task2 manual__2025-03-27T07:20:20.704543+00:00 [queued]>
[2025-03-27T07:20:34.644+0000] {taskinstance.py:1165} INFO - Dependencies all met for <TaskInstance: data_ingestion_gcs_dag.local_to_gcs_task2 manual__2025-03-27T07:20:20.704543+00:00 [queued]>
[2025-03-27T07:20:34.645+0000] {taskinstance.py:1362} INFO - 
--------------------------------------------------------------------------------
[2025-03-27T07:20:34.646+0000] {taskinstance.py:1363} INFO - Starting attempt 1 of 2
[2025-03-27T07:20:34.646+0000] {taskinstance.py:1364} INFO - 
--------------------------------------------------------------------------------
[2025-03-27T07:20:34.667+0000] {taskinstance.py:1383} INFO - Executing <Task(PythonOperator): local_to_gcs_task2> on 2025-03-27 07:20:20.704543+00:00
[2025-03-27T07:20:34.681+0000] {standard_task_runner.py:54} INFO - Started process 1887 to run task
[2025-03-27T07:20:34.687+0000] {standard_task_runner.py:82} INFO - Running: ['***', 'tasks', 'run', 'data_ingestion_gcs_dag', 'local_to_gcs_task2', 'manual__2025-03-27T07:20:20.704543+00:00', '--job-id', '31', '--raw', '--subdir', 'DAGS_FOLDER/data_ingestion_gcs_dag.py', '--cfg-path', '/tmp/tmp_y0c07br']
[2025-03-27T07:20:34.691+0000] {standard_task_runner.py:83} INFO - Job 31: Subtask local_to_gcs_task2
[2025-03-27T07:20:34.693+0000] {dagbag.py:525} INFO - Filling up the DagBag from /opt/***/dags/data_ingestion_gcs_dag.py
[2025-03-27T07:20:34.931+0000] {task_command.py:384} INFO - Running <TaskInstance: data_ingestion_gcs_dag.local_to_gcs_task2 manual__2025-03-27T07:20:20.704543+00:00 [running]> on host af13dacd80a6
[2025-03-27T07:20:35.046+0000] {taskinstance.py:1590} INFO - Exporting the following env vars:
AIRFLOW_CTX_DAG_OWNER=***
AIRFLOW_CTX_DAG_ID=data_ingestion_gcs_dag
AIRFLOW_CTX_TASK_ID=local_to_gcs_task2
AIRFLOW_CTX_EXECUTION_DATE=2025-03-27T07:20:20.704543+00:00
AIRFLOW_CTX_TRY_NUMBER=1
AIRFLOW_CTX_DAG_RUN_ID=manual__2025-03-27T07:20:20.704543+00:00
[2025-03-27T07:20:40.644+0000] {python.py:177} INFO - Done. Returned value was: None
[2025-03-27T07:20:40.666+0000] {taskinstance.py:1401} INFO - Marking task as SUCCESS. dag_id=data_ingestion_gcs_dag, task_id=local_to_gcs_task2, execution_date=20250327T072020, start_date=20250327T072034, end_date=20250327T072040
[2025-03-27T07:20:40.735+0000] {local_task_job.py:164} INFO - Task exited with return code 0
[2025-03-27T07:20:40.776+0000] {local_task_job.py:273} INFO - 1 downstream tasks scheduled from follow-on schedule check
