[2025-03-27T07:02:00.195+0000] {taskinstance.py:1165} INFO - Dependencies all met for <TaskInstance: data_ingestion_gcs_dag.download_dataset_task manual__2025-03-27T06:56:30.206563+00:00 [queued]>
[2025-03-27T07:02:00.208+0000] {taskinstance.py:1165} INFO - Dependencies all met for <TaskInstance: data_ingestion_gcs_dag.download_dataset_task manual__2025-03-27T06:56:30.206563+00:00 [queued]>
[2025-03-27T07:02:00.209+0000] {taskinstance.py:1362} INFO - 
--------------------------------------------------------------------------------
[2025-03-27T07:02:00.210+0000] {taskinstance.py:1363} INFO - Starting attempt 1 of 2
[2025-03-27T07:02:00.211+0000] {taskinstance.py:1364} INFO - 
--------------------------------------------------------------------------------
[2025-03-27T07:02:00.229+0000] {taskinstance.py:1383} INFO - Executing <Task(BashOperator): download_dataset_task> on 2025-03-27 06:56:30.206563+00:00
[2025-03-27T07:02:00.241+0000] {standard_task_runner.py:54} INFO - Started process 1168 to run task
[2025-03-27T07:02:00.247+0000] {standard_task_runner.py:82} INFO - Running: ['***', 'tasks', 'run', 'data_ingestion_gcs_dag', 'download_dataset_task', 'manual__2025-03-27T06:56:30.206563+00:00', '--job-id', '13', '--raw', '--subdir', 'DAGS_FOLDER/data_ingestion_gcs_dag.py', '--cfg-path', '/tmp/tmp7jzotgiu']
[2025-03-27T07:02:00.250+0000] {standard_task_runner.py:83} INFO - Job 13: Subtask download_dataset_task
[2025-03-27T07:02:00.252+0000] {dagbag.py:525} INFO - Filling up the DagBag from /opt/***/dags/data_ingestion_gcs_dag.py
[2025-03-27T07:02:00.462+0000] {task_command.py:384} INFO - Running <TaskInstance: data_ingestion_gcs_dag.download_dataset_task manual__2025-03-27T06:56:30.206563+00:00 [running]> on host af13dacd80a6
[2025-03-27T07:02:00.647+0000] {taskinstance.py:1590} INFO - Exporting the following env vars:
AIRFLOW_CTX_DAG_OWNER=***
AIRFLOW_CTX_DAG_ID=data_ingestion_gcs_dag
AIRFLOW_CTX_TASK_ID=download_dataset_task
AIRFLOW_CTX_EXECUTION_DATE=2025-03-27T06:56:30.206563+00:00
AIRFLOW_CTX_TRY_NUMBER=1
AIRFLOW_CTX_DAG_RUN_ID=manual__2025-03-27T06:56:30.206563+00:00
[2025-03-27T07:02:00.650+0000] {subprocess.py:63} INFO - Tmp dir root location: 
 /tmp
[2025-03-27T07:02:00.652+0000] {subprocess.py:75} INFO - Running command: ['/bin/bash', '-c', 'curl -sSL https://raw.githubusercontent.com/tategallery/collection/refs/heads/master/artwork_data.csv > /opt/***/artwork_data.csv && curl -sSL https://raw.githubusercontent.com/tategallery/collection/refs/heads/master/artist_data.csv > /opt/***/artist_data.csv ']
[2025-03-27T07:02:00.678+0000] {subprocess.py:86} INFO - Output:
[2025-03-27T07:02:02.408+0000] {subprocess.py:97} INFO - Command exited with return code 0
[2025-03-27T07:02:02.451+0000] {taskinstance.py:1401} INFO - Marking task as SUCCESS. dag_id=data_ingestion_gcs_dag, task_id=download_dataset_task, execution_date=20250327T065630, start_date=20250327T070200, end_date=20250327T070202
[2025-03-27T07:02:02.519+0000] {local_task_job.py:164} INFO - Task exited with return code 0
[2025-03-27T07:02:02.565+0000] {local_task_job.py:273} INFO - 2 downstream tasks scheduled from follow-on schedule check
