[2025-03-27T07:32:30.880+0000] {taskinstance.py:1165} INFO - Dependencies all met for <TaskInstance: data_ingestion_gcs_dag.local_to_gcs_task2 manual__2025-03-27T07:32:17.046240+00:00 [queued]>
[2025-03-27T07:32:30.895+0000] {taskinstance.py:1165} INFO - Dependencies all met for <TaskInstance: data_ingestion_gcs_dag.local_to_gcs_task2 manual__2025-03-27T07:32:17.046240+00:00 [queued]>
[2025-03-27T07:32:30.896+0000] {taskinstance.py:1362} INFO - 
--------------------------------------------------------------------------------
[2025-03-27T07:32:30.897+0000] {taskinstance.py:1363} INFO - Starting attempt 1 of 2
[2025-03-27T07:32:30.897+0000] {taskinstance.py:1364} INFO - 
--------------------------------------------------------------------------------
[2025-03-27T07:32:30.919+0000] {taskinstance.py:1383} INFO - Executing <Task(PythonOperator): local_to_gcs_task2> on 2025-03-27 07:32:17.046240+00:00
[2025-03-27T07:32:30.932+0000] {standard_task_runner.py:54} INFO - Started process 2323 to run task
[2025-03-27T07:32:30.939+0000] {standard_task_runner.py:82} INFO - Running: ['***', 'tasks', 'run', 'data_ingestion_gcs_dag', 'local_to_gcs_task2', 'manual__2025-03-27T07:32:17.046240+00:00', '--job-id', '37', '--raw', '--subdir', 'DAGS_FOLDER/data_ingestion_gcs_dag.py', '--cfg-path', '/tmp/tmpj9zx_xuf']
[2025-03-27T07:32:30.942+0000] {standard_task_runner.py:83} INFO - Job 37: Subtask local_to_gcs_task2
[2025-03-27T07:32:30.946+0000] {dagbag.py:525} INFO - Filling up the DagBag from /opt/***/dags/data_ingestion_gcs_dag.py
[2025-03-27T07:32:31.094+0000] {task_command.py:384} INFO - Running <TaskInstance: data_ingestion_gcs_dag.local_to_gcs_task2 manual__2025-03-27T07:32:17.046240+00:00 [running]> on host af13dacd80a6
[2025-03-27T07:32:31.185+0000] {taskinstance.py:1590} INFO - Exporting the following env vars:
AIRFLOW_CTX_DAG_OWNER=***
AIRFLOW_CTX_DAG_ID=data_ingestion_gcs_dag
AIRFLOW_CTX_TASK_ID=local_to_gcs_task2
AIRFLOW_CTX_EXECUTION_DATE=2025-03-27T07:32:17.046240+00:00
AIRFLOW_CTX_TRY_NUMBER=1
AIRFLOW_CTX_DAG_RUN_ID=manual__2025-03-27T07:32:17.046240+00:00
[2025-03-27T07:32:36.826+0000] {python.py:177} INFO - Done. Returned value was: None
[2025-03-27T07:32:36.841+0000] {taskinstance.py:1401} INFO - Marking task as SUCCESS. dag_id=data_ingestion_gcs_dag, task_id=local_to_gcs_task2, execution_date=20250327T073217, start_date=20250327T073230, end_date=20250327T073236
[2025-03-27T07:32:36.900+0000] {local_task_job.py:164} INFO - Task exited with return code 0
[2025-03-27T07:32:36.934+0000] {local_task_job.py:273} INFO - 1 downstream tasks scheduled from follow-on schedule check
