[2025-03-27T06:56:43.093+0000] {taskinstance.py:1165} INFO - Dependencies all met for <TaskInstance: data_ingestion_gcs_dag.download_dataset_task scheduled__2025-03-26T00:00:00+00:00 [queued]>
[2025-03-27T06:56:43.117+0000] {taskinstance.py:1165} INFO - Dependencies all met for <TaskInstance: data_ingestion_gcs_dag.download_dataset_task scheduled__2025-03-26T00:00:00+00:00 [queued]>
[2025-03-27T06:56:43.118+0000] {taskinstance.py:1362} INFO - 
--------------------------------------------------------------------------------
[2025-03-27T06:56:43.131+0000] {taskinstance.py:1363} INFO - Starting attempt 1 of 2
[2025-03-27T06:56:43.132+0000] {taskinstance.py:1364} INFO - 
--------------------------------------------------------------------------------
[2025-03-27T06:56:43.157+0000] {taskinstance.py:1383} INFO - Executing <Task(BashOperator): download_dataset_task> on 2025-03-26 00:00:00+00:00
[2025-03-27T06:56:43.176+0000] {standard_task_runner.py:54} INFO - Started process 962 to run task
[2025-03-27T06:56:43.183+0000] {standard_task_runner.py:82} INFO - Running: ['***', 'tasks', 'run', 'data_ingestion_gcs_dag', 'download_dataset_task', 'scheduled__2025-03-26T00:00:00+00:00', '--job-id', '8', '--raw', '--subdir', 'DAGS_FOLDER/data_ingestion_gcs_dag.py', '--cfg-path', '/tmp/tmpdpu79mib']
[2025-03-27T06:56:43.187+0000] {standard_task_runner.py:83} INFO - Job 8: Subtask download_dataset_task
[2025-03-27T06:56:43.188+0000] {dagbag.py:525} INFO - Filling up the DagBag from /opt/***/dags/data_ingestion_gcs_dag.py
[2025-03-27T06:56:43.366+0000] {warnings.py:109} WARNING - /home/***/.local/lib/python3.9/site-packages/***/configuration.py:545: DeprecationWarning: The sql_alchemy_conn option in [core] has been moved to the sql_alchemy_conn option in [database] - the old setting has been used, but please update your config.
  option = self._get_environment_variables(deprecated_key, deprecated_section, key, section)

[2025-03-27T06:56:43.445+0000] {task_command.py:384} INFO - Running <TaskInstance: data_ingestion_gcs_dag.download_dataset_task scheduled__2025-03-26T00:00:00+00:00 [running]> on host af13dacd80a6
[2025-03-27T06:56:43.545+0000] {taskinstance.py:1590} INFO - Exporting the following env vars:
AIRFLOW_CTX_DAG_OWNER=***
AIRFLOW_CTX_DAG_ID=data_ingestion_gcs_dag
AIRFLOW_CTX_TASK_ID=download_dataset_task
AIRFLOW_CTX_EXECUTION_DATE=2025-03-26T00:00:00+00:00
AIRFLOW_CTX_TRY_NUMBER=1
AIRFLOW_CTX_DAG_RUN_ID=scheduled__2025-03-26T00:00:00+00:00
[2025-03-27T06:56:43.554+0000] {subprocess.py:63} INFO - Tmp dir root location: 
 /tmp
[2025-03-27T06:56:43.559+0000] {subprocess.py:75} INFO - Running command: ['/bin/bash', '-c', 'curl -sSL https://raw.githubusercontent.com/tategallery/collection/refs/heads/master/artwork_data.csv > /opt/***/artwork_data.csv && curl -sSL https://raw.githubusercontent.com/tategallery/collection/refs/heads/master/artist_data.csv > /opt/***/artist_data.csv ']
[2025-03-27T06:56:43.607+0000] {subprocess.py:86} INFO - Output:
[2025-03-27T06:56:46.408+0000] {subprocess.py:97} INFO - Command exited with return code 0
[2025-03-27T06:56:46.468+0000] {taskinstance.py:1401} INFO - Marking task as SUCCESS. dag_id=data_ingestion_gcs_dag, task_id=download_dataset_task, execution_date=20250326T000000, start_date=20250327T065643, end_date=20250327T065646
[2025-03-27T06:56:46.537+0000] {local_task_job.py:164} INFO - Task exited with return code 0
[2025-03-27T06:56:46.584+0000] {local_task_job.py:273} INFO - 2 downstream tasks scheduled from follow-on schedule check
